<?xml version="1.0" encoding="UTF-8"?>
<testng-results ignored="0" total="1" passed="1" failed="0" skipped="0">
  <reporter-output>
  </reporter-output>
  <suite started-at="2024-10-04T11:38:16 CEST" name="Default suite" finished-at="2024-10-04T11:38:50 CEST" duration-ms="34677">
    <groups>
    </groups>
    <test started-at="2024-10-04T11:38:16 CEST" name="Default test" finished-at="2024-10-04T11:38:50 CEST" duration-ms="34677">
      <class name="testemailsent.SalesforceLoginPage">
        <test-method is-config="true" signature="beforeClass()[pri:0, instance:testemailsent.SalesforceLoginPage@394a2528]" started-at="2024-10-04T11:38:16 CEST" name="beforeClass" finished-at="2024-10-04T11:38:16 CEST" duration-ms="10" status="PASS">
          <reporter-output>
          </reporter-output>
        </test-method> <!-- beforeClass -->
        <test-method signature="f()[pri:0, instance:testemailsent.SalesforceLoginPage@394a2528]" started-at="2024-10-04T11:38:16 CEST" name="f" finished-at="2024-10-04T11:38:36 CEST" duration-ms="20204" status="PASS">
          <reporter-output>
          </reporter-output>
        </test-method> <!-- f -->
        <test-method is-config="true" signature="afterClass()[pri:0, instance:testemailsent.SalesforceLoginPage@394a2528]" started-at="2024-10-04T11:38:36 CEST" name="afterClass" finished-at="2024-10-04T11:38:50 CEST" duration-ms="14432" status="PASS">
          <reporter-output>
          </reporter-output>
        </test-method> <!-- afterClass -->
      </class> <!-- testemailsent.SalesforceLoginPage -->
    </test> <!-- Default test -->
  </suite> <!-- Default suite -->
</testng-results>
