<?xml version="1.0" encoding="UTF-8"?>
<!-- Generated by org.testng.reporters.JUnitXMLReporter -->
<testsuite ignored="0" hostname="QINFJ92TL3" failures="0" tests="6" name="Regression Test" time="0.05" errors="0" timestamp="2024-10-02T11:46:47 CEST">
  <testcase classname="ui.LoginTest" name="loginTest" time="0.005"/>
  <testcase classname="ui.LoginTest" name="logoutTest" time="0.002"/>
  <testcase classname="ui.GroupDemoTest" name="bTest1" time="0.002"/>
  <testcase classname="ui.GroupDemoTest" name="bTest2" time="0.0"/>
  <testcase classname="ui.GroupDemoTest" name="bTest3" time="0.001"/>
  <testcase classname="ui.GroupDemoTest" name="bTest4" time="0.0"/>
</testsuite> <!-- Regression Test -->
