<?xml version="1.0" encoding="UTF-8"?>
<!-- Generated by org.testng.reporters.JUnitXMLReporter -->
<testsuite ignored="2" hostname="QINFJ92TL3" failures="0" tests="2" name="GRP-regression" time="0.059" errors="0" timestamp="2024-10-02T13:48:15 CEST">
  <testcase classname="ui.GroupDemoTest" name="bTest1" time="0.005"/>
  <testcase classname="ui.GroupDemoTest" name="bTest3" time="0.001"/>
  <testcase classname="ui.GroupDemoTest" name="bTest4" time="0.0">
    <ignored/>
  </testcase> <!-- bTest4 -->
  <testcase classname="ui.GroupDemoTest" name="bTest2" time="0.0">
    <ignored/>
  </testcase> <!-- bTest2 -->
</testsuite> <!-- GRP-regression -->
