<?xml version="1.0" encoding="UTF-8"?>
<!-- Generated by org.testng.reporters.JUnitXMLReporter -->
<testsuite ignored="1" hostname="QINFJ92TL3" failures="0" tests="3" name="GRP-bvt" time="0.062" errors="0" timestamp="2024-10-02T11:30:16 CEST">
  <testcase classname="ui.GroupDemoTest" name="bTest2" time="0.01"/>
  <testcase classname="ui.GroupDemoTest" name="bTest3" time="0.002"/>
  <testcase classname="ui.GroupDemoTest" name="bTest4" time="0.002"/>
  <testcase classname="ui.GroupDemoTest" name="bTest1" time="0.0">
    <ignored/>
  </testcase> <!-- bTest1 -->
</testsuite> <!-- GRP-bvt -->
